Microsoft HTML Help Compiler 4.74.8702

Compiling c:\AnarchySoundSoftware\Development\AnarchyRhythms\HELP\AnarchyRhythms.chm


Compile time: 0 minutes, 1 second
33	Topics
75	Local links
1	Internet link
24	Graphics


Created c:\AnarchySoundSoftware\Development\AnarchyRhythms\HELP\AnarchyRhythms.chm, 220,849 bytes
Compression decreased file by 79,562 bytes.
Microsoft HTML Help Compiler 4.74.8702

Compiling c:\AnarchySoundSoftware\Development\AnarchyRhythms\HELP\AnarchyRhythms.chm


Compile time: 0 minutes, 2 seconds
33	Topics
75	Local links
1	Internet link
24	Graphics


Created c:\AnarchySoundSoftware\Development\AnarchyRhythms\HELP\AnarchyRhythms.chm, 220,941 bytes
Compression decreased file by 79,848 bytes.
Microsoft HTML Help Compiler 4.74.8702

Compiling c:\AnarchySoundSoftware\Development\AnarchyRhythms\HELP\AnarchyRhythms.chm


Compile time: 0 minutes, 1 second
33	Topics
75	Local links
1	Internet link
24	Graphics


Created c:\AnarchySoundSoftware\Development\AnarchyRhythms\HELP\AnarchyRhythms.chm, 220,949 bytes
Compression decreased file by 79,843 bytes.
Microsoft HTML Help Compiler 4.74.8702

Compiling c:\AnarchySoundSoftware\Development\AnarchyRhythms\HELP\AnarchyRhythms.chm


Compile time: 0 minutes, 2 seconds
35	Topics
81	Local links
2	Internet links
27	Graphics


Created c:\AnarchySoundSoftware\Development\AnarchyRhythms\HELP\AnarchyRhythms.chm, 227,513 bytes
Compression decreased file by 99,550 bytes.
Microsoft HTML Help Compiler 4.74.8702

Compiling c:\AnarchySoundSoftware\Development\AnarchyRhythms\HELP\AnarchyRhythms.chm


Compile time: 0 minutes, 2 seconds
35	Topics
81	Local links
2	Internet links
27	Graphics


Created c:\AnarchySoundSoftware\Development\AnarchyRhythms\HELP\AnarchyRhythms.chm, 227,509 bytes
Compression decreased file by 99,569 bytes.
Microsoft HTML Help Compiler 4.74.8702

Compiling c:\AnarchySoundSoftware\Development\AnarchyRhythms\HELP\AnarchyRhythms.chm


Compile time: 0 minutes, 2 seconds
36	Topics
94	Local links
2	Internet links
27	Graphics


Created c:\AnarchySoundSoftware\Development\AnarchyRhythms\HELP\AnarchyRhythms.chm, 231,391 bytes
Compression decreased file by 98,226 bytes.
Microsoft HTML Help Compiler 4.74.8702

Compiling c:\AnarchySoundSoftware\Development\AnarchyRhythms\HELP\AnarchyRhythms.chm


Compile time: 0 minutes, 2 seconds
36	Topics
103	Local links
2	Internet links
32	Graphics


Created c:\AnarchySoundSoftware\Development\AnarchyRhythms\HELP\AnarchyRhythms.chm, 261,813 bytes
Compression decreased file by 102,152 bytes.
Microsoft HTML Help Compiler 4.74.8702

Compiling c:\AnarchySoundSoftware\Development\AnarchyRhythms\HELP\AnarchyRhythms.chm


Compile time: 0 minutes, 2 seconds
36	Topics
104	Local links
2	Internet links
32	Graphics


Created c:\AnarchySoundSoftware\Development\AnarchyRhythms\HELP\AnarchyRhythms.chm, 261,813 bytes
Compression decreased file by 102,156 bytes.
Microsoft HTML Help Compiler 4.74.8702

Compiling c:\AnarchySoundSoftware\Development\AnarchyRhythms\HELP\AnarchyRhythms.chm


Compile time: 0 minutes, 3 seconds
37	Topics
111	Local links
2	Internet links
33	Graphics


Created c:\AnarchySoundSoftware\Development\AnarchyRhythms\HELP\AnarchyRhythms.chm, 297,289 bytes
Compression decreased file by 403,255 bytes.
HHC5010: Error: Cannot open "c:\AnarchySoundSoftware\Development\AnarchyRhythms\HELP\AnarchyRhythms.chm". Compilation stopped.
HHC5010: Error: Cannot open "c:\AnarchySoundSoftware\Development\AnarchyRhythms\HELP\AnarchyRhythms.chm". Compilation stopped.
Microsoft HTML Help Compiler 4.74.8702

Compiling c:\AnarchySoundSoftware\Development\AnarchyRhythms\HELP\AnarchyRhythms.chm


Compile time: 0 minutes, 2 seconds
38	Topics
112	Local links
2	Internet links
35	Graphics


Created c:\AnarchySoundSoftware\Development\AnarchyRhythms\HELP\AnarchyRhythms.chm, 314,829 bytes
Compression decreased file by 412,485 bytes.
Microsoft HTML Help Compiler 4.74.8702

Compiling c:\AnarchySoundSoftware\Development\AnarchyRhythms\HELP\AnarchyRhythms.chm


Compile time: 0 minutes, 2 seconds
38	Topics
112	Local links
2	Internet links
35	Graphics


Created c:\AnarchySoundSoftware\Development\AnarchyRhythms\HELP\AnarchyRhythms.chm, 314,895 bytes
Compression decreased file by 412,424 bytes.
Microsoft HTML Help Compiler 4.74.8702

Compiling c:\AnarchySoundSoftware\Development\AnarchyRhythms\HELP\AnarchyRhythms.chm


Compile time: 0 minutes, 3 seconds
38	Topics
112	Local links
2	Internet links
35	Graphics


Created c:\AnarchySoundSoftware\Development\AnarchyRhythms\HELP\AnarchyRhythms.chm, 314,883 bytes
Compression decreased file by 412,437 bytes.
